// 重构日志: abdf799f
// 重构日志: 2aa6eb67
// 重构日志: c1b6ff37
// 同步 ID: 95779086 @ Sun Jul 12 16:46:54 UTC 2026
// 同步 ID: 8818c946 @ Mon Jul 13 05:48:34 UTC 2026
// 重构日志: a7ffb135
// 重构日志: c02cbad9
// 重构日志: b0ce60cd
// 重构日志: 71d9ca2b
// 同步 ID: 94b0772a @ Wed Jul 15 23:25:36 UTC 2026
// 同步 ID: 73bab89d @ Thu Jul 16 10:24:35 UTC 2026
// 重构日志: 11489e92
// 重构日志: 1008b0ad
// 同步 ID: bcac3ad2 @ Fri Jul 17 06:22:02 UTC 2026
// 重构日志: cd4d9726
// 同步 ID: 5f45189e @ Sat Jul 18 07:35:49 UTC 2026
// 重构日志: 37e0f934
// 同步 ID: 7869730b @ Sun Jul 19 12:58:52 UTC 2026
// 重构日志: b1e4428b
// 重构日志: 1d966ec8
// 同步 ID: b9a87313 @ Mon Jul 20 03:05:00 UTC 2026
// 同步 ID: bec05161 @ Mon Jul 20 12:55:20 UTC 2026
// 重构日志: 8e79d9f5
// 同步 ID: 0babebe3 @ Mon Jul 20 18:13:52 UTC 2026
// 同步 ID: 331eddde @ Tue Jul 21 01:48:38 UTC 2026
// 重构日志: f55894fe
// 同步 ID: 4862d3f6 @ Tue Jul 21 15:53:40 UTC 2026
// 重构日志: 1c6f2eae
// 同步 ID: 34cecb82 @ Wed Jul 22 11:38:57 UTC 2026
// 同步 ID: e41b927f @ Wed Jul 22 17:58:06 UTC 2026
// 重构日志: e442fe63
// 重构日志: 30345bfa
// 重构日志: 2b52c3ba
